0 good agents
      adv rate for q_index :  0 [1e-05, 1e-05, 1e-05]
      adv rate for p_index :  0 [1e-05, 1e-05, 1e-05]
1 good agents
      adv rate for q_index :  1 [1e-05, 1e-05, 1e-05]
      adv rate for p_index :  1 [1e-05, 1e-05, 1e-05]
2 good agents
      adv rate for q_index :  2 [1e-05, 1e-05, 1e-05]
      adv rate for p_index :  2 [1e-05, 1e-05, 1e-05]
Using good policy mmmaddpg and bad policy mmmaddpg with 0 adversaries
Starting iterations...
steps: 24975, episodes: 1000, mean episode reward: -658.515892027549, time: 62.82
steps: 49975, episodes: 2000, mean episode reward: -790.9052981368736, time: 81.351
steps: 74975, episodes: 3000, mean episode reward: -599.047872924599, time: 80.863
steps: 99975, episodes: 4000, mean episode reward: -567.3015232218945, time: 80.349
steps: 124975, episodes: 5000, mean episode reward: -540.0135092997418, time: 80.479
steps: 149975, episodes: 6000, mean episode reward: -527.3635755882149, time: 80.299
steps: 174975, episodes: 7000, mean episode reward: -515.8501314554937, time: 81.459
steps: 199975, episodes: 8000, mean episode reward: -509.707210122553, time: 80.181
steps: 224975, episodes: 9000, mean episode reward: -496.7691965517848, time: 80.425
steps: 249975, episodes: 10000, mean episode reward: -497.5766160173613, time: 81.127
steps: 274975, episodes: 11000, mean episode reward: -489.10526584298486, time: 79.622
steps: 299975, episodes: 12000, mean episode reward: -481.3389775471096, time: 79.917
steps: 324975, episodes: 13000, mean episode reward: -476.2928406253867, time: 81.038
steps: 349975, episodes: 14000, mean episode reward: -473.3800749539038, time: 80.689
steps: 374975, episodes: 15000, mean episode reward: -470.2942181449304, time: 80.238
steps: 399975, episodes: 16000, mean episode reward: -465.8553265714851, time: 80.375
steps: 424975, episodes: 17000, mean episode reward: -466.75886054645883, time: 79.994
steps: 449975, episodes: 18000, mean episode reward: -466.90841226333765, time: 81.009
steps: 474975, episodes: 19000, mean episode reward: -458.0129878142388, time: 80.784
steps: 499975, episodes: 20000, mean episode reward: -461.79039153946155, time: 80.892
steps: 524975, episodes: 21000, mean episode reward: -452.75034328976847, time: 79.466
steps: 549975, episodes: 22000, mean episode reward: -454.03632461333575, time: 81.128
steps: 574975, episodes: 23000, mean episode reward: -453.0199066984942, time: 78.417
steps: 599975, episodes: 24000, mean episode reward: -446.6756166648002, time: 80.83
steps: 624975, episodes: 25000, mean episode reward: -444.5213145947453, time: 80.249
steps: 649975, episodes: 26000, mean episode reward: -444.2657344157828, time: 81.33
steps: 674975, episodes: 27000, mean episode reward: -446.2133552676851, time: 80.56
steps: 699975, episodes: 28000, mean episode reward: -446.8927984122201, time: 81.291
steps: 724975, episodes: 29000, mean episode reward: -441.69596905328234, time: 80.557
steps: 749975, episodes: 30000, mean episode reward: -438.2600792704448, time: 80.821
steps: 774975, episodes: 31000, mean episode reward: -440.1737660288456, time: 80.457
steps: 799975, episodes: 32000, mean episode reward: -440.30749688753684, time: 80.445
steps: 824975, episodes: 33000, mean episode reward: -438.72904095396785, time: 78.635
steps: 849975, episodes: 34000, mean episode reward: -436.1790982051928, time: 81.089
steps: 874975, episodes: 35000, mean episode reward: -435.5582410909414, time: 80.633
steps: 899975, episodes: 36000, mean episode reward: -433.12371137433564, time: 80.591
steps: 924975, episodes: 37000, mean episode reward: -436.7443037493094, time: 80.416
steps: 949975, episodes: 38000, mean episode reward: -436.8181866307762, time: 80.285
steps: 974975, episodes: 39000, mean episode reward: -433.42621182397534, time: 79.749
steps: 999975, episodes: 40000, mean episode reward: -430.06927424462594, time: 81.711
steps: 1024975, episodes: 41000, mean episode reward: -434.3976203181097, time: 81.343
steps: 1049975, episodes: 42000, mean episode reward: -436.32687348959695, time: 80.91
steps: 1074975, episodes: 43000, mean episode reward: -431.5583338238312, time: 81.254
steps: 1099975, episodes: 44000, mean episode reward: -431.11294426101375, time: 82.271
steps: 1124975, episodes: 45000, mean episode reward: -431.554844364883, time: 80.824
steps: 1149975, episodes: 46000, mean episode reward: -432.6071645407411, time: 81.287
steps: 1174975, episodes: 47000, mean episode reward: -429.6621622828007, time: 81.405
steps: 1199975, episodes: 48000, mean episode reward: -429.92721708205573, time: 81.197
steps: 1224975, episodes: 49000, mean episode reward: -432.41396429505244, time: 80.801
steps: 1249975, episodes: 50000, mean episode reward: -431.21302184709344, time: 80.871
steps: 1274975, episodes: 51000, mean episode reward: -431.2657673746727, time: 81.612
steps: 1299975, episodes: 52000, mean episode reward: -430.9136382903209, time: 79.504
steps: 1324975, episodes: 53000, mean episode reward: -431.7183562006785, time: 81.444
steps: 1349975, episodes: 54000, mean episode reward: -431.6255999155225, time: 80.001
steps: 1374975, episodes: 55000, mean episode reward: -426.697959086035, time: 81.55
steps: 1399975, episodes: 56000, mean episode reward: -431.50339166036235, time: 80.996
steps: 1424975, episodes: 57000, mean episode reward: -425.2838128040545, time: 65.593
steps: 1449975, episodes: 58000, mean episode reward: -426.99250838432255, time: 65.176
steps: 1474975, episodes: 59000, mean episode reward: -424.65462963450597, time: 65.947
steps: 1499975, episodes: 60000, mean episode reward: -424.5155781391778, time: 66.996
steps: 1524975, episodes: 61000, mean episode reward: -420.54705713953507, time: 65.175
steps: 1549975, episodes: 62000, mean episode reward: -424.29663193321795, time: 65.984
steps: 1574975, episodes: 63000, mean episode reward: -419.899434007142, time: 64.496
steps: 1599975, episodes: 64000, mean episode reward: -419.48907864133946, time: 64.936
steps: 1624975, episodes: 65000, mean episode reward: -419.4114672245672, time: 65.323
steps: 1649975, episodes: 66000, mean episode reward: -421.9747364162994, time: 66.341
steps: 1674975, episodes: 67000, mean episode reward: -416.9565707426263, time: 66.622
steps: 1699975, episodes: 68000, mean episode reward: -419.73809603570925, time: 65.286
steps: 1724975, episodes: 69000, mean episode reward: -419.4633418463233, time: 64.764
steps: 1749975, episodes: 70000, mean episode reward: -417.4112162553931, time: 78.521
steps: 1774975, episodes: 71000, mean episode reward: -418.2693710991893, time: 80.876
steps: 1799975, episodes: 72000, mean episode reward: -418.2162226154938, time: 81.181
steps: 1824975, episodes: 73000, mean episode reward: -411.6494997189589, time: 80.901
steps: 1849975, episodes: 74000, mean episode reward: -412.4622265426783, time: 80.378
steps: 1874975, episodes: 75000, mean episode reward: -412.60541646702063, time: 80.654
steps: 1899975, episodes: 76000, mean episode reward: -413.7157833011675, time: 80.478
steps: 1924975, episodes: 77000, mean episode reward: -406.37585463525113, time: 80.804
steps: 1949975, episodes: 78000, mean episode reward: -407.7699633375625, time: 80.866
steps: 1974975, episodes: 79000, mean episode reward: -407.9511031554695, time: 80.885
steps: 1999975, episodes: 80000, mean episode reward: -407.9766264285978, time: 80.87
steps: 2024975, episodes: 81000, mean episode reward: -403.62687605099416, time: 81.322
steps: 2049975, episodes: 82000, mean episode reward: -402.174535741831, time: 80.94
steps: 2074975, episodes: 83000, mean episode reward: -402.7433995289121, time: 81.317
steps: 2099975, episodes: 84000, mean episode reward: -399.6396218828351, time: 80.764
steps: 2124975, episodes: 85000, mean episode reward: -402.8850428921911, time: 80.87
steps: 2149975, episodes: 86000, mean episode reward: -402.8288824862511, time: 81.364
steps: 2174975, episodes: 87000, mean episode reward: -393.7141305864943, time: 80.094
steps: 2199975, episodes: 88000, mean episode reward: -394.946905004922, time: 80.364
steps: 2224975, episodes: 89000, mean episode reward: -394.81565458010806, time: 80.863
steps: 2249975, episodes: 90000, mean episode reward: -395.54541223196196, time: 81.213
steps: 2274975, episodes: 91000, mean episode reward: -392.2174028031814, time: 81.206
steps: 2299975, episodes: 92000, mean episode reward: -394.3348907878171, time: 80.487
steps: 2324975, episodes: 93000, mean episode reward: -390.8760990969627, time: 80.402
steps: 2349975, episodes: 94000, mean episode reward: -396.6909040686679, time: 80.586
steps: 2374975, episodes: 95000, mean episode reward: -391.38407273520573, time: 80.598
steps: 2399975, episodes: 96000, mean episode reward: -394.9941086696608, time: 81.25
steps: 2424975, episodes: 97000, mean episode reward: -388.386530457599, time: 81.127
steps: 2449975, episodes: 98000, mean episode reward: -388.4422785600084, time: 81.645
steps: 2474975, episodes: 99000, mean episode reward: -389.8013201965393, time: 80.446
steps: 2499975, episodes: 100000, mean episode reward: -387.96134558585203, time: 80.291
...Finished total of 100001 episodes.
