0 good agents
      adv rate for q_index :  0 [1e-05, 1e-05]
      adv rate for p_index :  0 [1e-05, 1e-05]
1 good agents
      adv rate for q_index :  1 [1e-05, 1e-05]
      adv rate for p_index :  1 [1e-05, 1e-05]
Using good policy mmmaddpg and bad policy mmmaddpg with 0 adversaries
Starting iterations...
steps: 24975, episodes: 1000, mean episode reward: -130.7931642780633, time: 37.563
steps: 49975, episodes: 2000, mean episode reward: -200.0983308297813, time: 48.705
steps: 74975, episodes: 3000, mean episode reward: -61.61089679839772, time: 48.514
steps: 99975, episodes: 4000, mean episode reward: -58.92873139984982, time: 48.419
steps: 124975, episodes: 5000, mean episode reward: -59.850716170694405, time: 48.921
steps: 149975, episodes: 6000, mean episode reward: -59.54669653939227, time: 49.557
steps: 174975, episodes: 7000, mean episode reward: -58.05601825738129, time: 49.191
steps: 199975, episodes: 8000, mean episode reward: -57.19410508008547, time: 49.557
steps: 224975, episodes: 9000, mean episode reward: -55.37873663972663, time: 47.918
steps: 249975, episodes: 10000, mean episode reward: -55.8740192494849, time: 48.332
steps: 274975, episodes: 11000, mean episode reward: -52.131264340085934, time: 48.959
steps: 299975, episodes: 12000, mean episode reward: -49.546305514428795, time: 48.041
steps: 324975, episodes: 13000, mean episode reward: -47.61479282972127, time: 49.407
steps: 349975, episodes: 14000, mean episode reward: -49.016212091609304, time: 48.489
steps: 374975, episodes: 15000, mean episode reward: -48.131029019925094, time: 48.807
steps: 399975, episodes: 16000, mean episode reward: -51.49312017558449, time: 49.111
steps: 424975, episodes: 17000, mean episode reward: -50.145993264891196, time: 48.613
steps: 449975, episodes: 18000, mean episode reward: -52.52907951023485, time: 48.947
steps: 474975, episodes: 19000, mean episode reward: -51.72717278844926, time: 49.679
steps: 499975, episodes: 20000, mean episode reward: -49.752910619274466, time: 49.714
steps: 524975, episodes: 21000, mean episode reward: -52.09957261834734, time: 49.468
steps: 549975, episodes: 22000, mean episode reward: -51.128735751311225, time: 49.225
steps: 574975, episodes: 23000, mean episode reward: -55.36695804284509, time: 50.332
steps: 599975, episodes: 24000, mean episode reward: -52.166340600371136, time: 49.754
steps: 624975, episodes: 25000, mean episode reward: -49.968074532264566, time: 49.048
steps: 649975, episodes: 26000, mean episode reward: -49.62422099858611, time: 50.013
steps: 674975, episodes: 27000, mean episode reward: -49.39187231121, time: 49.407
steps: 699975, episodes: 28000, mean episode reward: -44.86000105049267, time: 48.462
steps: 724975, episodes: 29000, mean episode reward: -43.409453851946196, time: 49.58
steps: 749975, episodes: 30000, mean episode reward: -40.591453664573365, time: 50.15
steps: 774975, episodes: 31000, mean episode reward: -38.78821079114638, time: 50.781
steps: 799975, episodes: 32000, mean episode reward: -39.29177363258849, time: 49.695
steps: 824975, episodes: 33000, mean episode reward: -43.1158102621318, time: 49.805
steps: 849975, episodes: 34000, mean episode reward: -38.906328372044314, time: 50.56
steps: 874975, episodes: 35000, mean episode reward: -36.77855374550716, time: 49.733
steps: 899975, episodes: 36000, mean episode reward: -37.992399247236094, time: 47.873
steps: 924975, episodes: 37000, mean episode reward: -42.32844915549167, time: 48.57
steps: 949975, episodes: 38000, mean episode reward: -37.89310700302526, time: 47.905
steps: 974975, episodes: 39000, mean episode reward: -36.494674584989056, time: 49.258
steps: 999975, episodes: 40000, mean episode reward: -38.74943675727158, time: 49.289
steps: 1024975, episodes: 41000, mean episode reward: -41.67051152244712, time: 49.86
steps: 1049975, episodes: 42000, mean episode reward: -39.45102068794478, time: 49.755
steps: 1074975, episodes: 43000, mean episode reward: -42.670726205290705, time: 49.848
steps: 1099975, episodes: 44000, mean episode reward: -40.630193391945184, time: 49.403
steps: 1124975, episodes: 45000, mean episode reward: -43.092191535029144, time: 49.4
steps: 1149975, episodes: 46000, mean episode reward: -43.33940733922564, time: 49.641
steps: 1174975, episodes: 47000, mean episode reward: -41.11956094771166, time: 49.071
steps: 1199975, episodes: 48000, mean episode reward: -41.02298353599779, time: 48.903
steps: 1224975, episodes: 49000, mean episode reward: -48.69812535171738, time: 49.179
steps: 1249975, episodes: 50000, mean episode reward: -52.703276244401984, time: 48.507
steps: 1274975, episodes: 51000, mean episode reward: -44.52465766341586, time: 49.191
steps: 1299975, episodes: 52000, mean episode reward: -53.77088836295642, time: 49.2
steps: 1324975, episodes: 53000, mean episode reward: -57.691921556663004, time: 49.608
steps: 1349975, episodes: 54000, mean episode reward: -61.70300594404248, time: 49.527
steps: 1374975, episodes: 55000, mean episode reward: -58.976738170832704, time: 49.21
steps: 1399975, episodes: 56000, mean episode reward: -68.22510093839841, time: 47.437
steps: 1424975, episodes: 57000, mean episode reward: -56.63839414429122, time: 47.474
steps: 1449975, episodes: 58000, mean episode reward: -59.90505020833985, time: 49.831
steps: 1474975, episodes: 59000, mean episode reward: -64.63163183264761, time: 50.02
steps: 1499975, episodes: 60000, mean episode reward: -58.926404470662355, time: 49.252
steps: 1524975, episodes: 61000, mean episode reward: -60.41127734337332, time: 49.184
steps: 1549975, episodes: 62000, mean episode reward: -58.218296986993124, time: 49.667
steps: 1574975, episodes: 63000, mean episode reward: -59.004705418420244, time: 49.487
steps: 1599975, episodes: 64000, mean episode reward: -57.055947945025686, time: 48.796
steps: 1624975, episodes: 65000, mean episode reward: -55.09270576873721, time: 48.472
steps: 1649975, episodes: 66000, mean episode reward: -59.09336921592141, time: 47.306
steps: 1674975, episodes: 67000, mean episode reward: -55.21426351229906, time: 48.384
steps: 1699975, episodes: 68000, mean episode reward: -51.41469121702599, time: 49.053
steps: 1724975, episodes: 69000, mean episode reward: -52.01942808905995, time: 49.719
steps: 1749975, episodes: 70000, mean episode reward: -56.341358242959686, time: 49.787
steps: 1774975, episodes: 71000, mean episode reward: -48.24250734145481, time: 48.38
steps: 1799975, episodes: 72000, mean episode reward: -55.63929619871621, time: 47.54
steps: 1824975, episodes: 73000, mean episode reward: -50.594100441751394, time: 47.25
steps: 1849975, episodes: 74000, mean episode reward: -58.18613575859923, time: 48.258
steps: 1874975, episodes: 75000, mean episode reward: -55.621672473559364, time: 47.264
steps: 1899975, episodes: 76000, mean episode reward: -54.201713885602686, time: 49.412
steps: 1924975, episodes: 77000, mean episode reward: -47.83704396704278, time: 48.595
steps: 1949975, episodes: 78000, mean episode reward: -53.560463271825796, time: 49.069
steps: 1974975, episodes: 79000, mean episode reward: -54.172383604909044, time: 49.351
steps: 1999975, episodes: 80000, mean episode reward: -54.17784598561718, time: 47.341
steps: 2024975, episodes: 81000, mean episode reward: -54.71841214099617, time: 48.732
steps: 2049975, episodes: 82000, mean episode reward: -52.79116404937621, time: 49.549
steps: 2074975, episodes: 83000, mean episode reward: -55.43613393726562, time: 50.17
steps: 2099975, episodes: 84000, mean episode reward: -54.0839190332803, time: 48.718
steps: 2124975, episodes: 85000, mean episode reward: -54.24478463953198, time: 48.046
steps: 2149975, episodes: 86000, mean episode reward: -53.945515651195024, time: 48.166
steps: 2174975, episodes: 87000, mean episode reward: -58.16217200159467, time: 47.523
steps: 2199975, episodes: 88000, mean episode reward: -55.04735863321866, time: 46.575
steps: 2224975, episodes: 89000, mean episode reward: -52.707175900094924, time: 48.306
steps: 2249975, episodes: 90000, mean episode reward: -52.72963154781921, time: 49.88
steps: 2274975, episodes: 91000, mean episode reward: -54.66148518389609, time: 49.333
steps: 2299975, episodes: 92000, mean episode reward: -54.37159628840587, time: 49.534
steps: 2324975, episodes: 93000, mean episode reward: -56.88142566033482, time: 48.655
steps: 2349975, episodes: 94000, mean episode reward: -55.302396828839974, time: 49.647
steps: 2374975, episodes: 95000, mean episode reward: -57.17252749819797, time: 49.608
steps: 2399975, episodes: 96000, mean episode reward: -58.880634405341645, time: 49.027
steps: 2424975, episodes: 97000, mean episode reward: -58.04356645855086, time: 47.544
steps: 2449975, episodes: 98000, mean episode reward: -56.348202224194885, time: 46.784
steps: 2474975, episodes: 99000, mean episode reward: -56.99217445724053, time: 48.955
steps: 2499975, episodes: 100000, mean episode reward: -53.44488043919869, time: 49.805
...Finished total of 100001 episodes.
