0 good agents
      adv rate for q_index :  0 [1e-05, 1e-05]
      adv rate for p_index :  0 [1e-05, 1e-05]
1 good agents
      adv rate for q_index :  1 [1e-05, 1e-05]
      adv rate for p_index :  1 [1e-05, 1e-05]
Using good policy mmmaddpg and bad policy mmmaddpg with 0 adversaries
Starting iterations...
steps: 24975, episodes: 1000, mean episode reward: -164.30146294643544, time: 69.363
steps: 49975, episodes: 2000, mean episode reward: -278.7197656123366, time: 86.793
steps: 74975, episodes: 3000, mean episode reward: -73.91050880041752, time: 78.873
steps: 99975, episodes: 4000, mean episode reward: -66.95914337057278, time: 76.606
steps: 124975, episodes: 5000, mean episode reward: -64.38277628752023, time: 75.808
steps: 149975, episodes: 6000, mean episode reward: -61.86326878258627, time: 77.001
steps: 174975, episodes: 7000, mean episode reward: -65.57212585800805, time: 77.215
steps: 199975, episodes: 8000, mean episode reward: -63.03052298988021, time: 77.213
steps: 224975, episodes: 9000, mean episode reward: -62.00243839790992, time: 78.072
steps: 249975, episodes: 10000, mean episode reward: -62.075022437300966, time: 76.986
steps: 274975, episodes: 11000, mean episode reward: -61.964454541524745, time: 77.464
steps: 299975, episodes: 12000, mean episode reward: -64.92674435407584, time: 77.819
steps: 324975, episodes: 13000, mean episode reward: -65.29826892063099, time: 76.453
steps: 349975, episodes: 14000, mean episode reward: -62.158608589066986, time: 76.274
steps: 374975, episodes: 15000, mean episode reward: -60.356669593333535, time: 75.388
steps: 399975, episodes: 16000, mean episode reward: -64.92019060659564, time: 77.465
steps: 424975, episodes: 17000, mean episode reward: -60.44241855885892, time: 77.699
steps: 449975, episodes: 18000, mean episode reward: -63.26434843558993, time: 76.253
steps: 474975, episodes: 19000, mean episode reward: -61.029143936630454, time: 77.966
steps: 499975, episodes: 20000, mean episode reward: -60.23626148083393, time: 75.19
steps: 524975, episodes: 21000, mean episode reward: -62.65696317516839, time: 76.833
steps: 549975, episodes: 22000, mean episode reward: -59.92529975007918, time: 75.554
steps: 574975, episodes: 23000, mean episode reward: -59.60368092630932, time: 78.576
steps: 599975, episodes: 24000, mean episode reward: -57.59064840732732, time: 77.649
steps: 624975, episodes: 25000, mean episode reward: -58.803688188760944, time: 75.919
steps: 649975, episodes: 26000, mean episode reward: -56.083596944205304, time: 76.004
steps: 674975, episodes: 27000, mean episode reward: -56.96844195420855, time: 76.666
steps: 699975, episodes: 28000, mean episode reward: -56.58938494203697, time: 76.679
steps: 724975, episodes: 29000, mean episode reward: -53.530495153193144, time: 78.819
steps: 749975, episodes: 30000, mean episode reward: -53.31531064010699, time: 78.071
steps: 774975, episodes: 31000, mean episode reward: -52.37561744140523, time: 77.296
steps: 799975, episodes: 32000, mean episode reward: -48.87919128272708, time: 76.755
steps: 824975, episodes: 33000, mean episode reward: -49.31712278333281, time: 77.786
steps: 849975, episodes: 34000, mean episode reward: -46.67690974551712, time: 75.271
steps: 874975, episodes: 35000, mean episode reward: -47.87338833840072, time: 76.642
steps: 899975, episodes: 36000, mean episode reward: -44.88601954364761, time: 77.2
steps: 924975, episodes: 37000, mean episode reward: -45.52120883636347, time: 77.991
steps: 949975, episodes: 38000, mean episode reward: -44.238303208463506, time: 78.215
steps: 974975, episodes: 39000, mean episode reward: -45.31156989846149, time: 78.33
steps: 999975, episodes: 40000, mean episode reward: -44.86391072448599, time: 77.559
steps: 1024975, episodes: 41000, mean episode reward: -41.75111231959321, time: 77.068
steps: 1049975, episodes: 42000, mean episode reward: -40.654477014701335, time: 76.046
steps: 1074975, episodes: 43000, mean episode reward: -41.42727852983888, time: 76.357
steps: 1099975, episodes: 44000, mean episode reward: -40.60604885867213, time: 75.888
steps: 1124975, episodes: 45000, mean episode reward: -38.863147843175476, time: 75.157
steps: 1149975, episodes: 46000, mean episode reward: -39.71793527381835, time: 74.705
steps: 1174975, episodes: 47000, mean episode reward: -38.48824200076268, time: 75.782
steps: 1199975, episodes: 48000, mean episode reward: -39.00292202730723, time: 76.892
steps: 1224975, episodes: 49000, mean episode reward: -38.819719405464205, time: 77.159
steps: 1249975, episodes: 50000, mean episode reward: -38.459109206573366, time: 75.193
steps: 1274975, episodes: 51000, mean episode reward: -38.82686490479961, time: 75.02
steps: 1299975, episodes: 52000, mean episode reward: -38.600526862422726, time: 74.135
steps: 1324975, episodes: 53000, mean episode reward: -39.94633249314722, time: 74.094
steps: 1349975, episodes: 54000, mean episode reward: -39.8270620787563, time: 74.952
steps: 1374975, episodes: 55000, mean episode reward: -39.00482642268343, time: 75.75
steps: 1399975, episodes: 56000, mean episode reward: -39.00168950452536, time: 74.85
steps: 1424975, episodes: 57000, mean episode reward: -38.643634110372844, time: 74.235
steps: 1449975, episodes: 58000, mean episode reward: -39.560017260949365, time: 74.514
steps: 1474975, episodes: 59000, mean episode reward: -37.90983542378964, time: 75.74
steps: 1499975, episodes: 60000, mean episode reward: -42.36983297234184, time: 78.922
steps: 1524975, episodes: 61000, mean episode reward: -40.63028718505294, time: 74.87
steps: 1549975, episodes: 62000, mean episode reward: -37.620086067761065, time: 73.951
steps: 1574975, episodes: 63000, mean episode reward: -38.603518192464634, time: 76.068
steps: 1599975, episodes: 64000, mean episode reward: -39.73094904598953, time: 74.404
steps: 1624975, episodes: 65000, mean episode reward: -40.75371871511296, time: 74.757
steps: 1649975, episodes: 66000, mean episode reward: -39.42722698880298, time: 76.14
steps: 1674975, episodes: 67000, mean episode reward: -39.897089174950615, time: 76.194
steps: 1699975, episodes: 68000, mean episode reward: -40.26138289297541, time: 74.484
steps: 1724975, episodes: 69000, mean episode reward: -40.66342388493777, time: 75.454
steps: 1749975, episodes: 70000, mean episode reward: -39.42989750243481, time: 74.994
steps: 1774975, episodes: 71000, mean episode reward: -39.07591976766506, time: 74.875
steps: 1799975, episodes: 72000, mean episode reward: -41.18484509545953, time: 74.963
steps: 1824975, episodes: 73000, mean episode reward: -40.1504244319211, time: 74.636
steps: 1849975, episodes: 74000, mean episode reward: -38.7604460609795, time: 75.772
steps: 1874975, episodes: 75000, mean episode reward: -39.71170415003701, time: 75.723
steps: 1899975, episodes: 76000, mean episode reward: -38.80900883216839, time: 76.085
steps: 1924975, episodes: 77000, mean episode reward: -40.342977146017226, time: 75.63
steps: 1949975, episodes: 78000, mean episode reward: -39.844429937366435, time: 77.581
steps: 1974975, episodes: 79000, mean episode reward: -40.246265995002034, time: 77.244
steps: 1999975, episodes: 80000, mean episode reward: -43.98346160505629, time: 77.245
steps: 2024975, episodes: 81000, mean episode reward: -43.65026870168967, time: 75.637
steps: 2049975, episodes: 82000, mean episode reward: -41.82108975869167, time: 76.531
steps: 2074975, episodes: 83000, mean episode reward: -43.26631500632197, time: 75.411
steps: 2099975, episodes: 84000, mean episode reward: -42.96724229491872, time: 76.348
steps: 2124975, episodes: 85000, mean episode reward: -42.018269629700676, time: 75.346
steps: 2149975, episodes: 86000, mean episode reward: -43.53634656780644, time: 77.059
steps: 2174975, episodes: 87000, mean episode reward: -41.516185911343534, time: 76.078
steps: 2199975, episodes: 88000, mean episode reward: -41.68496810494636, time: 77.862
steps: 2224975, episodes: 89000, mean episode reward: -40.92974535008773, time: 75.116
steps: 2249975, episodes: 90000, mean episode reward: -39.88125589651512, time: 74.164
steps: 2274975, episodes: 91000, mean episode reward: -40.07240330521906, time: 74.73
steps: 2299975, episodes: 92000, mean episode reward: -40.576059835703134, time: 75.275
steps: 2324975, episodes: 93000, mean episode reward: -38.93759267776842, time: 74.699
steps: 2349975, episodes: 94000, mean episode reward: -41.08930521136204, time: 74.42
steps: 2374975, episodes: 95000, mean episode reward: -39.888994777393556, time: 74.854
steps: 2399975, episodes: 96000, mean episode reward: -39.69489912334536, time: 75.224
steps: 2424975, episodes: 97000, mean episode reward: -39.13233674165071, time: 74.77
steps: 2449975, episodes: 98000, mean episode reward: -40.13586919271765, time: 74.28
steps: 2474975, episodes: 99000, mean episode reward: -39.283305582356554, time: 74.339
steps: 2499975, episodes: 100000, mean episode reward: -39.86310591929146, time: 69.621
...Finished total of 100001 episodes.
