0 good agents
      adv rate for q_index :  0 [1e-05, 1e-05, 1e-05]
      adv rate for p_index :  0 [1e-05, 1e-05, 1e-05]
1 good agents
      adv rate for q_index :  1 [1e-05, 1e-05, 1e-05]
      adv rate for p_index :  1 [1e-05, 1e-05, 1e-05]
2 good agents
      adv rate for q_index :  2 [1e-05, 1e-05, 1e-05]
      adv rate for p_index :  2 [1e-05, 1e-05, 1e-05]
Using good policy mmmaddpg and bad policy mmmaddpg with 0 adversaries
Starting iterations...
steps: 24975, episodes: 1000, mean episode reward: -226.88520947083117, time: 18.337
steps: 49975, episodes: 2000, mean episode reward: -255.5154865552246, time: 36.561
steps: 74975, episodes: 3000, mean episode reward: -195.1662566202065, time: 38.313
steps: 99975, episodes: 4000, mean episode reward: -184.02549292152833, time: 36.577
steps: 124975, episodes: 5000, mean episode reward: -178.60729750373798, time: 36.593
steps: 149975, episodes: 6000, mean episode reward: -176.9236069844694, time: 35.577
steps: 174975, episodes: 7000, mean episode reward: -173.50601706168678, time: 35.858
steps: 199975, episodes: 8000, mean episode reward: -170.4493463889499, time: 36.293
steps: 224975, episodes: 9000, mean episode reward: -167.98733285498295, time: 36.559
steps: 249975, episodes: 10000, mean episode reward: -167.2783445331637, time: 36.494
steps: 274975, episodes: 11000, mean episode reward: -166.54394549603782, time: 36.975
steps: 299975, episodes: 12000, mean episode reward: -162.98363534201937, time: 36.628
steps: 324975, episodes: 13000, mean episode reward: -162.19103424547262, time: 36.477
steps: 349975, episodes: 14000, mean episode reward: -159.35605246740752, time: 36.711
steps: 374975, episodes: 15000, mean episode reward: -158.73634432344338, time: 36.996
steps: 399975, episodes: 16000, mean episode reward: -158.9065115737475, time: 36.807
steps: 424975, episodes: 17000, mean episode reward: -156.87297093598576, time: 35.949
steps: 449975, episodes: 18000, mean episode reward: -156.55585127458855, time: 37.164
steps: 474975, episodes: 19000, mean episode reward: -156.66510658332805, time: 38.237
steps: 499975, episodes: 20000, mean episode reward: -154.91319337563303, time: 38.398
steps: 524975, episodes: 21000, mean episode reward: -155.5681632624654, time: 38.369
steps: 549975, episodes: 22000, mean episode reward: -154.97006136926944, time: 37.635
steps: 574975, episodes: 23000, mean episode reward: -155.3955246047132, time: 36.281
steps: 599975, episodes: 24000, mean episode reward: -154.52143668201506, time: 36.828
steps: 624975, episodes: 25000, mean episode reward: -154.39429584728316, time: 36.796
steps: 649975, episodes: 26000, mean episode reward: -153.4827522610212, time: 36.671
steps: 674975, episodes: 27000, mean episode reward: -153.0288933808445, time: 37.292
steps: 699975, episodes: 28000, mean episode reward: -151.6208092103459, time: 36.711
steps: 724975, episodes: 29000, mean episode reward: -149.9669528935044, time: 36.837
steps: 749975, episodes: 30000, mean episode reward: -149.96749572997493, time: 37.272
steps: 774975, episodes: 31000, mean episode reward: -148.55903497807378, time: 38.6
steps: 799975, episodes: 32000, mean episode reward: -149.59239334654018, time: 38.308
steps: 824975, episodes: 33000, mean episode reward: -150.23434770984707, time: 37.084
steps: 849975, episodes: 34000, mean episode reward: -149.06204446827726, time: 35.806
steps: 874975, episodes: 35000, mean episode reward: -149.983678953827, time: 36.484
steps: 899975, episodes: 36000, mean episode reward: -148.18449705663713, time: 42.231
steps: 924975, episodes: 37000, mean episode reward: -149.10076773646247, time: 47.939
steps: 949975, episodes: 38000, mean episode reward: -148.49562819559011, time: 44.414
steps: 974975, episodes: 39000, mean episode reward: -148.4491430301915, time: 42.5
steps: 999975, episodes: 40000, mean episode reward: -147.93605957900664, time: 44.432
steps: 1024975, episodes: 41000, mean episode reward: -145.70145314250271, time: 44.074
steps: 1049975, episodes: 42000, mean episode reward: -146.62539751608625, time: 44.992
steps: 1074975, episodes: 43000, mean episode reward: -146.34269755968148, time: 44.023
steps: 1099975, episodes: 44000, mean episode reward: -145.53111030554524, time: 43.263
steps: 1124975, episodes: 45000, mean episode reward: -145.45750940472, time: 43.393
steps: 1149975, episodes: 46000, mean episode reward: -147.81522285220376, time: 43.396
steps: 1174975, episodes: 47000, mean episode reward: -144.35897061694433, time: 43.651
steps: 1199975, episodes: 48000, mean episode reward: -145.24481763860572, time: 44.375
steps: 1224975, episodes: 49000, mean episode reward: -144.45827325016356, time: 44.038
steps: 1249975, episodes: 50000, mean episode reward: -142.96081136797727, time: 38.907
steps: 1274975, episodes: 51000, mean episode reward: -143.04143231972807, time: 37.202
steps: 1299975, episodes: 52000, mean episode reward: -142.21446528862245, time: 36.612
steps: 1324975, episodes: 53000, mean episode reward: -142.67238786388748, time: 36.998
steps: 1349975, episodes: 54000, mean episode reward: -141.4361374200368, time: 37.045
steps: 1374975, episodes: 55000, mean episode reward: -140.94264927825677, time: 39.756
steps: 1399975, episodes: 56000, mean episode reward: -141.63104763381708, time: 45.716
steps: 1424975, episodes: 57000, mean episode reward: -138.97473076513904, time: 45.962
steps: 1449975, episodes: 58000, mean episode reward: -139.85040457930893, time: 44.798
steps: 1474975, episodes: 59000, mean episode reward: -139.6804038006793, time: 44.266
steps: 1499975, episodes: 60000, mean episode reward: -139.90752339757665, time: 44.331
steps: 1524975, episodes: 61000, mean episode reward: -138.85288555925212, time: 44.284
steps: 1549975, episodes: 62000, mean episode reward: -138.02235723408458, time: 41.61
steps: 1574975, episodes: 63000, mean episode reward: -137.20972057759366, time: 44.916
steps: 1599975, episodes: 64000, mean episode reward: -137.28427547879178, time: 45.706
steps: 1624975, episodes: 65000, mean episode reward: -136.05915850612612, time: 45.587
steps: 1649975, episodes: 66000, mean episode reward: -136.32339394482102, time: 42.837
steps: 1674975, episodes: 67000, mean episode reward: -134.8088613580875, time: 42.849
steps: 1699975, episodes: 68000, mean episode reward: -135.84223593230593, time: 45.399
steps: 1724975, episodes: 69000, mean episode reward: -135.14239334374884, time: 38.576
steps: 1749975, episodes: 70000, mean episode reward: -134.78328292593065, time: 35.503
steps: 1774975, episodes: 71000, mean episode reward: -134.9678707126496, time: 36.909
steps: 1799975, episodes: 72000, mean episode reward: -134.1184082039841, time: 41.398
steps: 1824975, episodes: 73000, mean episode reward: -134.4625981360621, time: 44.554
steps: 1849975, episodes: 74000, mean episode reward: -132.26912003147515, time: 46.917
steps: 1874975, episodes: 75000, mean episode reward: -133.51330993518883, time: 45.594
steps: 1899975, episodes: 76000, mean episode reward: -132.9282240829246, time: 45.353
steps: 1924975, episodes: 77000, mean episode reward: -132.04748502764204, time: 45.144
steps: 1949975, episodes: 78000, mean episode reward: -131.53813339881037, time: 44.373
steps: 1974975, episodes: 79000, mean episode reward: -132.34057509994872, time: 43.921
steps: 1999975, episodes: 80000, mean episode reward: -131.52843289104337, time: 45.143
steps: 2024975, episodes: 81000, mean episode reward: -130.09283264661195, time: 45.659
steps: 2049975, episodes: 82000, mean episode reward: -129.86816758667882, time: 45.07
steps: 2074975, episodes: 83000, mean episode reward: -130.76892930185699, time: 43.772
steps: 2099975, episodes: 84000, mean episode reward: -130.23203285347464, time: 42.876
steps: 2124975, episodes: 85000, mean episode reward: -130.73522501020878, time: 43.792
steps: 2149975, episodes: 86000, mean episode reward: -129.41072628365617, time: 37.298
steps: 2174975, episodes: 87000, mean episode reward: -129.74256830961056, time: 37.107
steps: 2199975, episodes: 88000, mean episode reward: -129.7486809907106, time: 44.667
steps: 2224975, episodes: 89000, mean episode reward: -129.62703832148244, time: 46.067
steps: 2249975, episodes: 90000, mean episode reward: -130.14807949851408, time: 44.3
steps: 2274975, episodes: 91000, mean episode reward: -129.62538409039564, time: 47.491
steps: 2299975, episodes: 92000, mean episode reward: -129.20848639708953, time: 49.253
steps: 2324975, episodes: 93000, mean episode reward: -129.17998243224267, time: 47.525
steps: 2349975, episodes: 94000, mean episode reward: -128.33985517007372, time: 45.816
steps: 2374975, episodes: 95000, mean episode reward: -128.29277978765424, time: 46.649
steps: 2399975, episodes: 96000, mean episode reward: -128.93810573148588, time: 45.482
steps: 2424975, episodes: 97000, mean episode reward: -128.0112262621385, time: 41.765
steps: 2449975, episodes: 98000, mean episode reward: -128.5334278727704, time: 42.295
steps: 2474975, episodes: 99000, mean episode reward: -128.24697545997327, time: 43.678
steps: 2499975, episodes: 100000, mean episode reward: -127.1099648794676, time: 45.633
...Finished total of 100001 episodes.
