0 good agents
      adv rate for q_index :  0 [1e-05, 1e-05, 1e-05]
      adv rate for p_index :  0 [1e-05, 1e-05, 1e-05]
1 good agents
      adv rate for q_index :  1 [1e-05, 1e-05, 1e-05]
      adv rate for p_index :  1 [1e-05, 1e-05, 1e-05]
2 good agents
      adv rate for q_index :  2 [1e-05, 1e-05, 1e-05]
      adv rate for p_index :  2 [1e-05, 1e-05, 1e-05]
Using good policy mmmaddpg and bad policy mmmaddpg with 0 adversaries
Starting iterations...
steps: 24975, episodes: 1000, mean episode reward: -677.8889041405938, time: 57.2
steps: 49975, episodes: 2000, mean episode reward: -785.6596636860809, time: 80.077
steps: 74975, episodes: 3000, mean episode reward: -624.683209811295, time: 76.718
steps: 99975, episodes: 4000, mean episode reward: -598.3639059789145, time: 79.376
steps: 124975, episodes: 5000, mean episode reward: -571.614390291507, time: 78.831
steps: 149975, episodes: 6000, mean episode reward: -561.7763751663095, time: 76.889
steps: 174975, episodes: 7000, mean episode reward: -552.4970532964, time: 77.315
steps: 199975, episodes: 8000, mean episode reward: -549.1994583238663, time: 79.594
steps: 224975, episodes: 9000, mean episode reward: -547.1708316969601, time: 77.428
steps: 249975, episodes: 10000, mean episode reward: -535.0076373268381, time: 79.711
steps: 274975, episodes: 11000, mean episode reward: -540.9726876731444, time: 78.81
steps: 299975, episodes: 12000, mean episode reward: -532.3348817690194, time: 78.882
steps: 324975, episodes: 13000, mean episode reward: -526.6690664943117, time: 80.971
steps: 349975, episodes: 14000, mean episode reward: -522.5790400474979, time: 78.984
steps: 374975, episodes: 15000, mean episode reward: -521.7417434721971, time: 80.36
steps: 399975, episodes: 16000, mean episode reward: -522.6769980655843, time: 79.667
steps: 424975, episodes: 17000, mean episode reward: -522.9077876471031, time: 79.141
steps: 449975, episodes: 18000, mean episode reward: -524.2142996069839, time: 78.798
steps: 474975, episodes: 19000, mean episode reward: -524.6745775414045, time: 77.856
steps: 499975, episodes: 20000, mean episode reward: -519.2411101021867, time: 79.653
steps: 524975, episodes: 21000, mean episode reward: -520.9294038318883, time: 79.053
steps: 549975, episodes: 22000, mean episode reward: -524.4397388762322, time: 79.034
steps: 574975, episodes: 23000, mean episode reward: -524.8559675102122, time: 79.598
steps: 599975, episodes: 24000, mean episode reward: -526.0125503185375, time: 81.206
steps: 624975, episodes: 25000, mean episode reward: -530.7212849272946, time: 79.55
steps: 649975, episodes: 26000, mean episode reward: -524.6051674227908, time: 80.444
steps: 674975, episodes: 27000, mean episode reward: -529.8983622651317, time: 79.118
steps: 699975, episodes: 28000, mean episode reward: -525.3018749325184, time: 77.709
steps: 724975, episodes: 29000, mean episode reward: -525.6994115638308, time: 78.314
steps: 749975, episodes: 30000, mean episode reward: -525.7176053589013, time: 77.381
steps: 774975, episodes: 31000, mean episode reward: -524.9866139285307, time: 79.427
steps: 799975, episodes: 32000, mean episode reward: -526.6540444684538, time: 80.465
steps: 824975, episodes: 33000, mean episode reward: -522.5456787885045, time: 79.646
steps: 849975, episodes: 34000, mean episode reward: -524.6275414060217, time: 80.648
steps: 874975, episodes: 35000, mean episode reward: -522.6998764581672, time: 78.739
steps: 899975, episodes: 36000, mean episode reward: -525.0430265875648, time: 80.017
steps: 924975, episodes: 37000, mean episode reward: -517.6927826177031, time: 80.135
steps: 949975, episodes: 38000, mean episode reward: -525.9828421749575, time: 80.425
steps: 974975, episodes: 39000, mean episode reward: -525.401456677241, time: 80.729
steps: 999975, episodes: 40000, mean episode reward: -521.2333518356608, time: 81.2
steps: 1024975, episodes: 41000, mean episode reward: -523.02147139597, time: 80.624
steps: 1049975, episodes: 42000, mean episode reward: -524.9081672330921, time: 80.902
steps: 1074975, episodes: 43000, mean episode reward: -524.7991203916702, time: 80.876
steps: 1099975, episodes: 44000, mean episode reward: -530.4308641248119, time: 81.904
steps: 1124975, episodes: 45000, mean episode reward: -523.5492795082985, time: 82.606
steps: 1149975, episodes: 46000, mean episode reward: -527.582089455482, time: 82.664
steps: 1174975, episodes: 47000, mean episode reward: -520.2927403760466, time: 80.452
steps: 1199975, episodes: 48000, mean episode reward: -524.5550251766498, time: 80.748
steps: 1224975, episodes: 49000, mean episode reward: -523.8155087686532, time: 83.188
steps: 1249975, episodes: 50000, mean episode reward: -524.0462975132057, time: 82.157
steps: 1274975, episodes: 51000, mean episode reward: -529.3882966254956, time: 81.386
steps: 1299975, episodes: 52000, mean episode reward: -528.8722110681308, time: 82.594
steps: 1324975, episodes: 53000, mean episode reward: -530.9756125526148, time: 81.944
steps: 1349975, episodes: 54000, mean episode reward: -532.5761549305992, time: 79.762
steps: 1374975, episodes: 55000, mean episode reward: -527.0640857011392, time: 83.37
steps: 1399975, episodes: 56000, mean episode reward: -529.1402989511904, time: 83.866
steps: 1424975, episodes: 57000, mean episode reward: -533.9756935644317, time: 82.046
steps: 1449975, episodes: 58000, mean episode reward: -537.2998983801224, time: 83.518
steps: 1474975, episodes: 59000, mean episode reward: -535.1837556029066, time: 82.57
steps: 1499975, episodes: 60000, mean episode reward: -538.0013404232926, time: 82.532
steps: 1524975, episodes: 61000, mean episode reward: -538.8560127446709, time: 82.143
steps: 1549975, episodes: 62000, mean episode reward: -543.9425039923922, time: 82.111
steps: 1574975, episodes: 63000, mean episode reward: -535.4657231956115, time: 82.033
steps: 1599975, episodes: 64000, mean episode reward: -536.2202770740441, time: 83.08
steps: 1624975, episodes: 65000, mean episode reward: -538.3016259769108, time: 84.444
steps: 1649975, episodes: 66000, mean episode reward: -538.0161231768641, time: 82.304
steps: 1674975, episodes: 67000, mean episode reward: -535.8175473869487, time: 82.908
steps: 1699975, episodes: 68000, mean episode reward: -534.4520744439469, time: 83.025
steps: 1724975, episodes: 69000, mean episode reward: -532.5067005358848, time: 82.128
steps: 1749975, episodes: 70000, mean episode reward: -537.5346863193254, time: 83.426
steps: 1774975, episodes: 71000, mean episode reward: -536.4113377950525, time: 83.657
steps: 1799975, episodes: 72000, mean episode reward: -541.3120790738028, time: 83.904
steps: 1824975, episodes: 73000, mean episode reward: -540.5169913779768, time: 82.671
steps: 1849975, episodes: 74000, mean episode reward: -543.0929754902755, time: 82.247
steps: 1874975, episodes: 75000, mean episode reward: -544.8534253428334, time: 81.841
steps: 1899975, episodes: 76000, mean episode reward: -542.4911332992597, time: 81.566
steps: 1924975, episodes: 77000, mean episode reward: -546.291193491243, time: 82.114
steps: 1949975, episodes: 78000, mean episode reward: -546.4757838103288, time: 80.099
steps: 1974975, episodes: 79000, mean episode reward: -549.3939155235894, time: 80.832
steps: 1999975, episodes: 80000, mean episode reward: -546.4638456102423, time: 83.05
steps: 2024975, episodes: 81000, mean episode reward: -541.7092690239563, time: 82.423
steps: 2049975, episodes: 82000, mean episode reward: -545.7895835869698, time: 83.614
steps: 2074975, episodes: 83000, mean episode reward: -544.7471305609679, time: 82.791
steps: 2099975, episodes: 84000, mean episode reward: -549.4130000478907, time: 82.744
steps: 2124975, episodes: 85000, mean episode reward: -551.5750417233058, time: 83.132
steps: 2149975, episodes: 86000, mean episode reward: -545.6917116120337, time: 83.436
steps: 2174975, episodes: 87000, mean episode reward: -548.7064915300597, time: 83.08
steps: 2199975, episodes: 88000, mean episode reward: -548.7389249831265, time: 81.457
steps: 2224975, episodes: 89000, mean episode reward: -549.7546027689236, time: 82.792
steps: 2249975, episodes: 90000, mean episode reward: -544.3217605784363, time: 83.578
steps: 2274975, episodes: 91000, mean episode reward: -546.1752123258929, time: 82.525
steps: 2299975, episodes: 92000, mean episode reward: -549.7659491413924, time: 83.072
steps: 2324975, episodes: 93000, mean episode reward: -552.5918861171455, time: 82.56
steps: 2349975, episodes: 94000, mean episode reward: -548.0011773507316, time: 82.749
steps: 2374975, episodes: 95000, mean episode reward: -551.8854045521422, time: 81.15
steps: 2399975, episodes: 96000, mean episode reward: -553.7501438358516, time: 82.147
steps: 2424975, episodes: 97000, mean episode reward: -549.3729324030631, time: 81.694
steps: 2449975, episodes: 98000, mean episode reward: -556.7186301404238, time: 80.811
steps: 2474975, episodes: 99000, mean episode reward: -550.2217665026901, time: 80.15
steps: 2499975, episodes: 100000, mean episode reward: -557.2411012238674, time: 69.821
...Finished total of 100001 episodes.
